Sat Apr 15 2023 14:00:59 GMT+0200 (Eastern European Standard Time): GET /
Sat Apr 15 2023 14:01:11 GMT+0200 (Eastern European Standard Time): GET /about
Sat Apr 15 2023 14:02:34 GMT+0200 (Eastern European Standard Time): GET /bad
Sat Apr 15 2023 14:05:53 GMT+0200 (Eastern European Standard Time): GET /about
Sat Apr 15 2023 15:05:43 GMT+0200 (Eastern European Standard Time): GET /bad
Sat Apr 15 2023 15:06:20 GMT+0200 (Eastern European Standard Time): GET /
Sat Apr 15 2023 15:10:39 GMT+0200 (Eastern European Standard Time): GET /
Sat Apr 15 2023 15:10:40 GMT+0200 (Eastern European Standard Time): GET /favicon.ico
Sat Apr 15 2023 15:11:32 GMT+0200 (Eastern European Standard Time): GET /help.html
Sat Apr 15 2023 15:13:33 GMT+0200 (Eastern European Standard Time): GET /
Sat Apr 15 2023 15:13:38 GMT+0200 (Eastern European Standard Time): GET /bad
Sun Apr 16 2023 10:12:51 GMT+0200 (Eastern European Standard Time): GET /
Sun Apr 16 2023 10:12:51 GMT+0200 (Eastern European Standard Time): GET /favicon.ico
Sun Apr 16 2023 10:13:04 GMT+0200 (Eastern European Standard Time): GET /about
Sun Apr 16 2023 10:13:04 GMT+0200 (Eastern European Standard Time): GET /favicon.ico
Sun Apr 16 2023 10:13:43 GMT+0200 (Eastern European Standard Time): GET /about
Sun Apr 16 2023 10:23:26 GMT+0200 (Eastern European Standard Time): GET /about
Sun Apr 16 2023 10:23:26 GMT+0200 (Eastern European Standard Time): GET /favicon.ico
Tue Apr 18 2023 10:19:03 GMT+0200 (Eastern European Standard Time): GET /about
Tue Apr 18 2023 10:19:03 GMT+0200 (Eastern European Standard Time): GET /favicon.ico
Tue Apr 18 2023 10:19:47 GMT+0200 (Eastern European Standard Time): GET /about
Tue Apr 18 2023 10:19:47 GMT+0200 (Eastern European Standard Time): GET /favicon.ico
Tue Apr 18 2023 10:19:54 GMT+0200 (Eastern European Standard Time): GET /about
Tue Apr 18 2023 10:19:54 GMT+0200 (Eastern European Standard Time): GET /favicon.ico
Wed Apr 19 2023 14:00:51 GMT+0200 (Eastern European Standard Time): GET /
Wed Apr 19 2023 14:00:51 GMT+0200 (Eastern European Standard Time): GET /favicon.ico
Wed Apr 26 2023 11:46:05 GMT+0200 (Eastern European Standard Time): GET /
Wed Apr 26 2023 11:46:05 GMT+0200 (Eastern European Standard Time): GET /favicon.ico
Wed Apr 26 2023 11:46:43 GMT+0200 (Eastern European Standard Time): GET /about
Wed Apr 26 2023 14:53:59 GMT+0200 (Eastern European Standard Time): GET /about
Wed Apr 26 2023 14:53:59 GMT+0200 (Eastern European Standard Time): GET /favicon.ico
Wed Apr 26 2023 15:02:27 GMT+0200 (Eastern European Standard Time): GET /about
